Started GET "/" for 127.0.0.1 at 2023-09-14 17:29:15 +0200
  [1m[35m (1.0ms)[0m  [1m[34mSELECT sqlite_version(*)[0m
Processing by HomeController#index as HTML
  Rendering layout layouts/application.html.erb
  Rendering home/index.html.erb within layouts/application
  Rendered home/index.html.erb within layouts/application (Duration: 27.7ms | Allocations: 12240)
  Rendered layout layouts/application.html.erb (Duration: 27.7ms | Allocations: 12309)
Completed 500 Internal Server Error in 37ms (ActiveRecord: 0.0ms | Allocations: 15816)


  
ActionView::Template::Error (Asset `mars_perseverance_rover.glb` was not declared to be precompiled in production.
Declare links to your assets in `app/assets/config/manifest.js`.

  //= link mars_perseverance_rover.glb

and restart your server):
    1: <%= react_component("RoverCanvas",
    2:     {
    3:         model: asset_path("mars_perseverance_rover.glb"),
    4:     })
    5: %>
  
app/views/home/index.html.erb:3
Started GET "/" for 127.0.0.1 at 2023-09-14 17:31:01 +0200
Processing by HomeController#index as HTML
  Rendering layout layouts/application.html.erb
  Rendering home/index.html.erb within layouts/application
  Rendered home/index.html.erb within layouts/application (Duration: 6.2ms | Allocations: 2659)
  Rendered layout layouts/application.html.erb (Duration: 6.6ms | Allocations: 2724)
Completed 500 Internal Server Error in 9ms (ActiveRecord: 0.0ms | Allocations: 3034)


  
ActionView::Template::Error (Asset `mars_perseverance_rover.glb` was not declared to be precompiled in production.
Declare links to your assets in `app/assets/config/manifest.js`.

  //= link mars_perseverance_rover.glb

and restart your server):
    1: <%= react_component("RoverCanvas",
    2:     {
    3:         model: asset_path("mars_perseverance_rover.glb"),
    4:     })
    5: %>
  
app/views/home/index.html.erb:3
Started GET "/" for 127.0.0.1 at 2023-09-14 17:32:26 +0200
  [1m[35m (0.7ms)[0m  [1m[34mSELECT sqlite_version(*)[0m
Processing by HomeController#index as HTML
  Rendering layout layouts/application.html.erb
  Rendering home/index.html.erb within layouts/application
  Rendered home/index.html.erb within layouts/application (Duration: 10.1ms | Allocations: 9129)
  Rendered layout layouts/application.html.erb (Duration: 10.2ms | Allocations: 9198)
Completed 500 Internal Server Error in 13ms (ActiveRecord: 0.0ms | Allocations: 11659)


  
ActionView::Template::Error (Asset `mars_perseverance_rover.glb` was not declared to be precompiled in production.
Declare links to your assets in `app/assets/config/manifest.js`.

  //= link mars_perseverance_rover.glb

and restart your server):
    1: <%= react_component("RoverCanvas",
    2:     {
    3:         model: asset_path("mars_perseverance_rover.glb"),
    4:     })
    5: %>
  
app/views/home/index.html.erb:3
Started GET "/" for 127.0.0.1 at 2023-09-14 17:34:53 +0200
Processing by HomeController#index as HTML
  Rendering layout layouts/application.html.erb
  Rendering home/index.html.erb within layouts/application
  Rendered home/index.html.erb within layouts/application (Duration: 13.0ms | Allocations: 6942)
  Rendered layout layouts/application.html.erb (Duration: 13.1ms | Allocations: 7008)
Completed 500 Internal Server Error in 15ms (ActiveRecord: 0.0ms | Allocations: 7318)


  
ActionView::Template::Error (uninitialized constant React::Rails::ComponentMount::Dummy):
    1: <%= react_component("RoverCanvas",
    2:     {
    3:         model: asset_path("mars_perseverance_rover.glb"),
    4:     })
  
app/views/home/index.html.erb:1
Started GET "/" for 127.0.0.1 at 2023-09-14 17:40:58 +0200
  [1m[35m (0.3ms)[0m  [1m[34mSELECT sqlite_version(*)[0m
Processing by HomeController#index as HTML
  Rendering layout layouts/application.html.erb
  Rendering home/index.html.erb within layouts/application
  Rendered home/index.html.erb within layouts/application (Duration: 11.0ms | Allocations: 8277)
  Rendered layout layouts/application.html.erb (Duration: 11.2ms | Allocations: 8346)
Completed 500 Internal Server Error in 16ms (ActiveRecord: 0.0ms | Allocations: 10808)


  
ActionView::Template::Error (uninitialized constant React::Rails::ComponentMount::Dummy):
    1: <%= react_component("RoverCanvas",
    2:     {
    3:         model: asset_path("mars_perseverance_rover.glb"),
    4:     })
  
app/views/home/index.html.erb:1
Started GET "/" for 127.0.0.1 at 2023-09-14 19:08:10 +0200
Processing by HomeController#index as HTML
  Rendering layout layouts/application.html.erb
  Rendering home/index.html.erb within layouts/application
  Rendered home/index.html.erb within layouts/application (Duration: 2.5ms | Allocations: 3376)
  Rendered layout layouts/application.html.erb (Duration: 2.6ms | Allocations: 3441)
Completed 500 Internal Server Error in 4ms (Allocations: 4491)


  
ActionView::Template::Error (uninitialized constant React::Rails::ComponentMount::Dummy):
    1: <%= react_component("HelloWorld",
    2:     {
    3:         model: asset_path("mars_perseverance_rover.glb"),
    4:     })
  
app/views/home/index.html.erb:1
Started GET "/" for 127.0.0.1 at 2023-09-14 19:08:44 +0200
Processing by HomeController#index as HTML
  Rendering layout layouts/application.html.erb
  Rendering home/index.html.erb within layouts/application
  Rendered home/index.html.erb within layouts/application (Duration: 2.9ms | Allocations: 3289)
  Rendered layout layouts/application.html.erb (Duration: 3.0ms | Allocations: 3354)
Completed 500 Internal Server Error in 4ms (Allocations: 4337)


  
ActionView::Template::Error (uninitialized constant React::Rails::ComponentMount::Dummy):
    1: <%= react_component("RoveHelloWorldrCanvas",
    2:     {
    3:         model: asset_path("mars_perseverance_rover.glb"),
    4:     })
  
app/views/home/index.html.erb:1
Started GET "/" for 127.0.0.1 at 2023-09-14 19:13:55 +0200
Processing by HomeController#index as HTML
  Rendering layout layouts/application.html.erb
  Rendering home/index.html.erb within layouts/application
  Rendered home/index.html.erb within layouts/application (Duration: 3.3ms | Allocations: 3322)
  Rendered layout layouts/application.html.erb (Duration: 3.5ms | Allocations: 3387)
Completed 500 Internal Server Error in 8ms (Allocations: 4366)


  
ActionView::Template::Error (uninitialized constant React::Rails::ComponentMount::Dummy):
    1: <%= react_component("RoverCanvas", { model: asset_path("mars_perseverance_rover.glb"), }) %>
  
app/views/home/index.html.erb:1
Started GET "/" for 127.0.0.1 at 2023-09-14 19:16:04 +0200
  [1m[35m (0.3ms)[0m  [1m[34mSELECT sqlite_version(*)[0m
Processing by HomeController#index as HTML
  Rendering layout layouts/application.html.erb
  Rendering home/index.html.erb within layouts/application
  Rendered home/index.html.erb within layouts/application (Duration: 6.7ms | Allocations: 5481)
  Rendered layout layouts/application.html.erb (Duration: 6.8ms | Allocations: 5550)
Completed 500 Internal Server Error in 10ms (ActiveRecord: 0.0ms | Allocations: 8011)


  
ActionView::Template::Error (uninitialized constant React::Rails::ComponentMount::Dummy):
    1: <%= react_component("RoverCanvas", { model: asset_path("mars_perseverance_rover.glb"), }) %>
  
app/views/home/index.html.erb:1
Started GET "/" for 127.0.0.1 at 2023-09-14 19:17:29 +0200
  [1m[35m (0.1ms)[0m  [1m[34mSELECT sqlite_version(*)[0m
Processing by HomeController#index as HTML
  Rendering layout layouts/application.html.erb
  Rendering home/index.html.erb within layouts/application
  Rendered home/index.html.erb within layouts/application (Duration: 5.7ms | Allocations: 5121)
  Rendered layout layouts/application.html.erb (Duration: 5.8ms | Allocations: 5190)
Completed 500 Internal Server Error in 11ms (ActiveRecord: 0.0ms | Allocations: 6377)


  
ActionView::Template::Error (uninitialized constant React::Rails::ComponentMount::Dummy):
    1: <%= react_component("RoverCanvas",
    2:     {
    3:         model: asset_path("mars_perseverance_rover.glb"),
    4:     })
  
app/views/home/index.html.erb:1
Started GET "/" for 127.0.0.1 at 2023-09-14 19:19:49 +0200
Processing by HomeController#index as HTML
  Rendering layout layouts/application.html.erb
  Rendering home/index.html.erb within layouts/application
  Rendered home/index.html.erb within layouts/application (Duration: 0.6ms | Allocations: 1099)
  Rendered layout layouts/application.html.erb (Duration: 0.7ms | Allocations: 1165)
Completed 500 Internal Server Error in 6ms (ActiveRecord: 0.0ms | Allocations: 2224)


  
ActionView::SyntaxErrorInTemplate (Encountered a syntax error while rendering template: check <%= react_component "RoverCanvas",
    {
        model: asset_path("mars_perseverance_rover.glb"),
    })
%>
):
1:    <%= react_component "RoverCanvas",
2:        {
3:            model: asset_path("mars_perseverance_rover.glb"),
4:        })
5:    %>
  
app/views/home/index.html.erb:5: syntax error, unexpected ')', expecting `end'
app/views/home/index.html.erb:5: syntax error, unexpected ')', expecting `end'
app/views/home/index.html.erb:5: syntax error, unexpected ')', expecting `end'
app/views/home/index.html.erb:5: syntax error, unexpected ')', expecting `end'
Started GET "/" for 127.0.0.1 at 2023-09-14 19:19:58 +0200
Processing by HomeController#index as HTML
  Rendering layout layouts/application.html.erb
  Rendering home/index.html.erb within layouts/application
  Rendered home/index.html.erb within layouts/application (Duration: 7.5ms | Allocations: 3414)
  Rendered layout layouts/application.html.erb (Duration: 7.7ms | Allocations: 3479)
Completed 500 Internal Server Error in 11ms (ActiveRecord: 0.0ms | Allocations: 4458)


  
ActionView::Template::Error (uninitialized constant React::Rails::ComponentMount::Dummy):
    1: <%= react_component "RoverCanvas",
    2:     {
    3:         model: asset_path("mars_perseverance_rover.glb"),
    4:     }
  
app/views/home/index.html.erb:1
Started GET "/" for 127.0.0.1 at 2023-09-14 19:20:36 +0200
  [1m[35m (0.3ms)[0m  [1m[34mSELECT sqlite_version(*)[0m
Processing by HomeController#index as HTML
  Rendering layout layouts/application.html.erb
  Rendering home/index.html.erb within layouts/application
  Rendered home/index.html.erb within layouts/application (Duration: 6.2ms | Allocations: 5485)
  Rendered layout layouts/application.html.erb (Duration: 6.2ms | Allocations: 5554)
Completed 500 Internal Server Error in 10ms (ActiveRecord: 0.0ms | Allocations: 8015)


  
ActionView::Template::Error (uninitialized constant React::Rails::ComponentMount::Dummy):
    1: <%= react_component "RoverCanvas",
    2:     {
    3:         model: asset_path("mars_perseverance_rover.glb"),
    4:     }
  
app/views/home/index.html.erb:1
Started GET "/" for 127.0.0.1 at 2023-09-14 19:21:43 +0200
  [1m[35m (0.2ms)[0m  [1m[34mSELECT sqlite_version(*)[0m
Processing by HomeController#index as HTML
  Rendering layout layouts/application.html.erb
  Rendering home/index.html.erb within layouts/application
  Rendered home/index.html.erb within layouts/application (Duration: 11.4ms | Allocations: 8176)
  Rendered layout layouts/application.html.erb (Duration: 17.4ms | Allocations: 12571)
Completed 200 OK in 20ms (Views: 18.4ms | ActiveRecord: 0.0ms | Allocations: 15064)


Started GET "/" for 127.0.0.1 at 2023-09-14 19:22:22 +0200
Processing by HomeController#index as HTML
  Rendering layout layouts/application.html.erb
  Rendering home/index.html.erb within layouts/application
  Rendered home/index.html.erb within layouts/application (Duration: 0.6ms | Allocations: 670)
  Rendered layout layouts/application.html.erb (Duration: 2.7ms | Allocations: 2877)
Completed 200 OK in 3ms (Views: 3.1ms | Allocations: 3261)


Started GET "/" for 127.0.0.1 at 2023-09-14 19:23:43 +0200
Processing by HomeController#index as HTML
  Rendering layout layouts/application.html.erb
  Rendering home/index.html.erb within layouts/application
  Rendered home/index.html.erb within layouts/application (Duration: 0.7ms | Allocations: 670)
  Rendered layout layouts/application.html.erb (Duration: 2.8ms | Allocations: 2873)
Completed 200 OK in 7ms (Views: 7.1ms | Allocations: 3258)


Started GET "/" for 127.0.0.1 at 2023-09-14 19:23:56 +0200
Processing by HomeController#index as HTML
  Rendering layout layouts/application.html.erb
  Rendering home/index.html.erb within layouts/application
  Rendered home/index.html.erb within layouts/application (Duration: 0.6ms | Allocations: 670)
  Rendered layout layouts/application.html.erb (Duration: 2.4ms | Allocations: 2875)
Completed 200 OK in 3ms (Views: 2.7ms | Allocations: 3260)


Started GET "/" for 127.0.0.1 at 2023-09-14 19:24:38 +0200
Processing by HomeController#index as HTML
  Rendering layout layouts/application.html.erb
  Rendering home/index.html.erb within layouts/application
  Rendered home/index.html.erb within layouts/application (Duration: 0.6ms | Allocations: 665)
  Rendered layout layouts/application.html.erb (Duration: 7.3ms | Allocations: 2866)
Completed 200 OK in 8ms (Views: 7.8ms | Allocations: 3247)


Started GET "/" for 127.0.0.1 at 2023-09-14 19:24:40 +0200
Processing by HomeController#index as HTML
  Rendering layout layouts/application.html.erb
  Rendering home/index.html.erb within layouts/application
  Rendered home/index.html.erb within layouts/application (Duration: 2.3ms | Allocations: 670)
  Rendered layout layouts/application.html.erb (Duration: 4.1ms | Allocations: 2868)
Completed 200 OK in 8ms (Views: 7.1ms | Allocations: 3132)


Started GET "/" for 127.0.0.1 at 2023-09-14 19:24:56 +0200
Processing by HomeController#index as HTML
  Rendering layout layouts/application.html.erb
  Rendering home/index.html.erb within layouts/application
  Rendered home/index.html.erb within layouts/application (Duration: 0.6ms | Allocations: 670)
  Rendered layout layouts/application.html.erb (Duration: 2.1ms | Allocations: 2870)
Completed 200 OK in 2ms (Views: 2.3ms | Allocations: 3134)


Started GET "/" for 127.0.0.1 at 2023-09-14 19:25:00 +0200
Processing by HomeController#index as HTML
  Rendering layout layouts/application.html.erb
  Rendering home/index.html.erb within layouts/application
  Rendered home/index.html.erb within layouts/application (Duration: 0.6ms | Allocations: 670)
  Rendered layout layouts/application.html.erb (Duration: 2.9ms | Allocations: 2871)
Completed 200 OK in 5ms (Views: 4.5ms | Allocations: 3253)


Started GET "/" for 127.0.0.1 at 2023-09-14 19:25:39 +0200
Processing by HomeController#index as HTML
  Rendering layout layouts/application.html.erb
  Rendering home/index.html.erb within layouts/application
  Rendered home/index.html.erb within layouts/application (Duration: 0.6ms | Allocations: 670)
  Rendered layout layouts/application.html.erb (Duration: 2.3ms | Allocations: 2873)
Completed 200 OK in 3ms (Views: 2.6ms | Allocations: 3255)


Started GET "/" for 127.0.0.1 at 2023-09-14 19:25:43 +0200
Processing by HomeController#index as HTML
  Rendering layout layouts/application.html.erb
  Rendering home/index.html.erb within layouts/application
  Rendered home/index.html.erb within layouts/application (Duration: 2.1ms | Allocations: 670)
  Rendered layout layouts/application.html.erb (Duration: 4.0ms | Allocations: 2881)
Completed 200 OK in 5ms (Views: 4.4ms | Allocations: 3263)


Started GET "/" for 127.0.0.1 at 2023-09-14 19:25:49 +0200
Processing by HomeController#index as HTML
  Rendering layout layouts/application.html.erb
  Rendering home/index.html.erb within layouts/application
  Rendered home/index.html.erb within layouts/application (Duration: 3.8ms | Allocations: 666)
  Rendered layout layouts/application.html.erb (Duration: 10.7ms | Allocations: 2859)
Completed 200 OK in 12ms (Views: 11.3ms | Allocations: 3122)


Started GET "/" for 127.0.0.1 at 2023-09-14 19:26:31 +0200
Processing by HomeController#index as HTML
  Rendering layout layouts/application.html.erb
  Rendering home/index.html.erb within layouts/application
  Rendered home/index.html.erb within layouts/application (Duration: 0.6ms | Allocations: 670)
  Rendered layout layouts/application.html.erb (Duration: 2.3ms | Allocations: 2872)
Completed 200 OK in 3ms (Views: 2.7ms | Allocations: 3141)


Started GET "/" for 127.0.0.1 at 2023-09-14 19:26:38 +0200
Processing by HomeController#index as HTML
  Rendering layout layouts/application.html.erb
  Rendering home/index.html.erb within layouts/application
  Rendered home/index.html.erb within layouts/application (Duration: 0.5ms | Allocations: 670)
  Rendered layout layouts/application.html.erb (Duration: 2.3ms | Allocations: 2871)
Completed 200 OK in 3ms (Views: 2.6ms | Allocations: 3253)


Started GET "/" for 127.0.0.1 at 2023-09-14 19:27:11 +0200
Processing by HomeController#index as HTML
  Rendering layout layouts/application.html.erb
  Rendering home/index.html.erb within layouts/application
  Rendered home/index.html.erb within layouts/application (Duration: 1.7ms | Allocations: 666)
  Rendered layout layouts/application.html.erb (Duration: 5.4ms | Allocations: 2859)
Completed 200 OK in 7ms (Views: 6.2ms | Allocations: 3122)


Started GET "/" for 127.0.0.1 at 2023-09-14 19:27:25 +0200
Processing by HomeController#index as HTML
  Rendering layout layouts/application.html.erb
  Rendering home/index.html.erb within layouts/application
  Rendered home/index.html.erb within layouts/application (Duration: 0.7ms | Allocations: 670)
  Rendered layout layouts/application.html.erb (Duration: 3.0ms | Allocations: 2870)
Completed 200 OK in 3ms (Views: 3.2ms | Allocations: 3134)


Started GET "/" for 127.0.0.1 at 2023-09-14 19:27:31 +0200
Processing by HomeController#index as HTML
  Rendering layout layouts/application.html.erb
  Rendering home/index.html.erb within layouts/application
  Rendered home/index.html.erb within layouts/application (Duration: 0.9ms | Allocations: 670)
  Rendered layout layouts/application.html.erb (Duration: 2.9ms | Allocations: 2867)
Completed 200 OK in 4ms (Views: 3.3ms | Allocations: 3249)


Started GET "/" for 127.0.0.1 at 2023-09-14 19:27:33 +0200
Processing by HomeController#index as HTML
  Rendering layout layouts/application.html.erb
  Rendering home/index.html.erb within layouts/application
  Rendered home/index.html.erb within layouts/application (Duration: 0.9ms | Allocations: 666)
  Rendered layout layouts/application.html.erb (Duration: 3.0ms | Allocations: 2855)
Completed 200 OK in 4ms (Views: 3.3ms | Allocations: 3118)


Started GET "/" for 127.0.0.1 at 2023-09-14 19:28:20 +0200
Processing by HomeController#index as HTML
  Rendering layout layouts/application.html.erb
  Rendering home/index.html.erb within layouts/application
  Rendered home/index.html.erb within layouts/application (Duration: 0.7ms | Allocations: 670)
  Rendered layout layouts/application.html.erb (Duration: 2.4ms | Allocations: 2870)
Completed 200 OK in 3ms (Views: 2.6ms | Allocations: 3134)


Started GET "/" for 127.0.0.1 at 2023-09-14 19:28:35 +0200
Processing by HomeController#index as HTML
  Rendering layout layouts/application.html.erb
  Rendering home/index.html.erb within layouts/application
  Rendered home/index.html.erb within layouts/application (Duration: 0.6ms | Allocations: 670)
  Rendered layout layouts/application.html.erb (Duration: 2.3ms | Allocations: 2873)
Completed 200 OK in 3ms (Views: 2.7ms | Allocations: 3255)


Started GET "/" for 127.0.0.1 at 2023-09-14 19:29:10 +0200
Processing by HomeController#index as HTML
  Rendering layout layouts/application.html.erb
  Rendering home/index.html.erb within layouts/application
  Rendered home/index.html.erb within layouts/application (Duration: 0.7ms | Allocations: 670)
  Rendered layout layouts/application.html.erb (Duration: 2.8ms | Allocations: 2873)
Completed 200 OK in 4ms (Views: 3.5ms | Allocations: 3255)


Started GET "/" for 127.0.0.1 at 2023-09-14 19:29:21 +0200
Processing by HomeController#index as HTML
  Rendering layout layouts/application.html.erb
  Rendering home/index.html.erb within layouts/application
  Rendered home/index.html.erb within layouts/application (Duration: 0.6ms | Allocations: 670)
  Rendered layout layouts/application.html.erb (Duration: 2.7ms | Allocations: 2873)
Completed 200 OK in 3ms (Views: 3.0ms | Allocations: 3255)


Started GET "/" for 127.0.0.1 at 2023-09-14 19:29:33 +0200
Processing by HomeController#index as HTML
  Rendering layout layouts/application.html.erb
  Rendering home/index.html.erb within layouts/application
  Rendered home/index.html.erb within layouts/application (Duration: 0.6ms | Allocations: 670)
  Rendered layout layouts/application.html.erb (Duration: 2.9ms | Allocations: 2873)
Completed 200 OK in 3ms (Views: 3.3ms | Allocations: 3255)


Started GET "/" for 127.0.0.1 at 2023-09-14 19:29:57 +0200
Processing by HomeController#index as HTML
  Rendering layout layouts/application.html.erb
  Rendering home/index.html.erb within layouts/application
  Rendered home/index.html.erb within layouts/application (Duration: 0.7ms | Allocations: 670)
  Rendered layout layouts/application.html.erb (Duration: 2.9ms | Allocations: 2873)
Completed 200 OK in 4ms (Views: 3.3ms | Allocations: 3255)


Started GET "/" for 127.0.0.1 at 2023-09-14 19:30:01 +0200
Processing by HomeController#index as HTML
  Rendering layout layouts/application.html.erb
  Rendering home/index.html.erb within layouts/application
  Rendered home/index.html.erb within layouts/application (Duration: 0.6ms | Allocations: 670)
  Rendered layout layouts/application.html.erb (Duration: 2.9ms | Allocations: 2873)
Completed 200 OK in 3ms (Views: 3.2ms | Allocations: 3255)


Started GET "/" for 127.0.0.1 at 2023-09-14 19:30:11 +0200
Processing by HomeController#index as HTML
  Rendering layout layouts/application.html.erb
  Rendering home/index.html.erb within layouts/application
  Rendered home/index.html.erb within layouts/application (Duration: 0.5ms | Allocations: 670)
  Rendered layout layouts/application.html.erb (Duration: 2.6ms | Allocations: 2873)
Completed 200 OK in 3ms (Views: 2.9ms | Allocations: 3255)


Started GET "/" for 127.0.0.1 at 2023-09-14 19:30:17 +0200
Processing by HomeController#index as HTML
  Rendering layout layouts/application.html.erb
  Rendering home/index.html.erb within layouts/application
  Rendered home/index.html.erb within layouts/application (Duration: 0.7ms | Allocations: 670)
  Rendered layout layouts/application.html.erb (Duration: 2.7ms | Allocations: 2867)
Completed 200 OK in 3ms (Views: 3.1ms | Allocations: 3249)


Started GET "/" for 127.0.0.1 at 2023-09-14 19:30:24 +0200
Processing by HomeController#index as HTML
  Rendering layout layouts/application.html.erb
  Rendering home/index.html.erb within layouts/application
  Rendered home/index.html.erb within layouts/application (Duration: 0.6ms | Allocations: 670)
  Rendered layout layouts/application.html.erb (Duration: 2.3ms | Allocations: 2873)
Completed 200 OK in 3ms (Views: 2.7ms | Allocations: 3255)


Started GET "/" for 127.0.0.1 at 2023-09-14 19:30:32 +0200
Processing by HomeController#index as HTML
  Rendering layout layouts/application.html.erb
  Rendering home/index.html.erb within layouts/application
  Rendered home/index.html.erb within layouts/application (Duration: 0.6ms | Allocations: 670)
  Rendered layout layouts/application.html.erb (Duration: 3.0ms | Allocations: 2873)
Completed 200 OK in 3ms (Views: 3.3ms | Allocations: 3255)


Started GET "/" for 127.0.0.1 at 2023-09-14 19:31:28 +0200
Processing by HomeController#index as HTML
  Rendering layout layouts/application.html.erb
  Rendering home/index.html.erb within layouts/application
  Rendered home/index.html.erb within layouts/application (Duration: 0.6ms | Allocations: 670)
  Rendered layout layouts/application.html.erb (Duration: 2.4ms | Allocations: 2870)
Completed 200 OK in 3ms (Views: 2.6ms | Allocations: 3134)


Started GET "/" for 127.0.0.1 at 2023-09-14 19:46:03 +0200
Processing by HomeController#index as HTML
  Rendering layout layouts/application.html.erb
  Rendering home/index.html.erb within layouts/application
  Rendered home/index.html.erb within layouts/application (Duration: 1.4ms | Allocations: 670)
  Rendered layout layouts/application.html.erb (Duration: 3.7ms | Allocations: 2873)
Completed 200 OK in 4ms (Views: 4.1ms | Allocations: 3255)


Started GET "/" for 127.0.0.1 at 2023-09-14 19:47:01 +0200
Processing by HomeController#index as HTML
  Rendering layout layouts/application.html.erb
  Rendering home/index.html.erb within layouts/application
  Rendered home/index.html.erb within layouts/application (Duration: 0.6ms | Allocations: 670)
  Rendered layout layouts/application.html.erb (Duration: 2.3ms | Allocations: 2872)
Completed 200 OK in 3ms (Views: 2.7ms | Allocations: 3254)


Started GET "/view" for 127.0.0.1 at 2023-09-14 19:47:06 +0200
  
ActionController::RoutingError (No route matches [GET] "/view"):
  
Started GET "/" for 127.0.0.1 at 2023-09-14 19:47:12 +0200
Processing by HomeController#index as HTML
  Rendering layout layouts/application.html.erb
  Rendering home/index.html.erb within layouts/application
  Rendered home/index.html.erb within layouts/application (Duration: 0.9ms | Allocations: 763)
  Rendered layout layouts/application.html.erb (Duration: 3.4ms | Allocations: 3019)
Completed 200 OK in 4ms (Views: 3.9ms | Allocations: 3475)


Started GET "/" for 127.0.0.1 at 2023-09-14 19:47:16 +0200
Processing by HomeController#index as HTML
  Rendering layout layouts/application.html.erb
  Rendering home/index.html.erb within layouts/application
  Rendered home/index.html.erb within layouts/application (Duration: 0.6ms | Allocations: 670)
  Rendered layout layouts/application.html.erb (Duration: 2.6ms | Allocations: 2872)
Completed 200 OK in 3ms (Views: 2.9ms | Allocations: 3254)


Started GET "/" for 127.0.0.1 at 2023-09-14 19:47:33 +0200
Processing by HomeController#index as HTML
  Rendering layout layouts/application.html.erb
  Rendering home/index.html.erb within layouts/application
  Rendered home/index.html.erb within layouts/application (Duration: 0.8ms | Allocations: 670)
  Rendered layout layouts/application.html.erb (Duration: 2.7ms | Allocations: 2872)
Completed 200 OK in 3ms (Views: 3.0ms | Allocations: 3254)


Started GET "/" for 127.0.0.1 at 2023-09-14 19:47:45 +0200
Processing by HomeController#index as HTML
  Rendering layout layouts/application.html.erb
  Rendering home/index.html.erb within layouts/application
  Rendered home/index.html.erb within layouts/application (Duration: 0.8ms | Allocations: 670)
  Rendered layout layouts/application.html.erb (Duration: 2.8ms | Allocations: 2880)
Completed 200 OK in 3ms (Views: 3.2ms | Allocations: 3261)


Started GET "/" for 127.0.0.1 at 2023-09-14 19:47:55 +0200
Processing by HomeController#index as HTML
  Rendering layout layouts/application.html.erb
  Rendering home/index.html.erb within layouts/application
  Rendered home/index.html.erb within layouts/application (Duration: 0.9ms | Allocations: 670)
  Rendered layout layouts/application.html.erb (Duration: 3.1ms | Allocations: 2872)
Completed 200 OK in 4ms (Views: 3.4ms | Allocations: 3254)


Started GET "/" for 127.0.0.1 at 2023-09-14 19:47:58 +0200
Processing by HomeController#index as HTML
  Rendering layout layouts/application.html.erb
  Rendering home/index.html.erb within layouts/application
  Rendered home/index.html.erb within layouts/application (Duration: 0.6ms | Allocations: 670)
  Rendered layout layouts/application.html.erb (Duration: 2.6ms | Allocations: 2872)
Completed 200 OK in 3ms (Views: 2.9ms | Allocations: 3254)


Started GET "/" for 127.0.0.1 at 2023-09-14 19:49:49 +0200
  
LoadError (cannot load such file -- /Users/ajdp/Documents/Ivy/MRC/config/routes.rb):
  
railties (6.1.7.6) lib/rails/application/routes_reloader.rb:47:in `load'
railties (6.1.7.6) lib/rails/application/routes_reloader.rb:47:in `block in load_paths'
railties (6.1.7.6) lib/rails/application/routes_reloader.rb:47:in `each'
railties (6.1.7.6) lib/rails/application/routes_reloader.rb:47:in `load_paths'
railties (6.1.7.6) lib/rails/application/routes_reloader.rb:21:in `reload!'
railties (6.1.7.6) lib/rails/application/routes_reloader.rb:35:in `block in updater'
activesupport (6.1.7.6) lib/active_support/file_update_checker.rb:83:in `execute'
railties (6.1.7.6) lib/rails/application/routes_reloader.rb:10:in `execute'
railties (6.1.7.6) lib/rails/application/finisher.rb:208:in `block (2 levels) in <module:Finisher>'
activesupport (6.1.7.6) lib/active_support/callbacks.rb:427:in `instance_exec'
activesupport (6.1.7.6) lib/active_support/callbacks.rb:427:in `block in make_lambda'
activesupport (6.1.7.6) lib/active_support/callbacks.rb:198:in `block (2 levels) in halting'
activesupport (6.1.7.6) lib/active_support/callbacks.rb:604:in `block (2 levels) in default_terminator'
activesupport (6.1.7.6) lib/active_support/callbacks.rb:603:in `catch'
activesupport (6.1.7.6) lib/active_support/callbacks.rb:603:in `block in default_terminator'
activesupport (6.1.7.6) lib/active_support/callbacks.rb:199:in `block in halting'
activesupport (6.1.7.6) lib/active_support/callbacks.rb:512:in `block in invoke_before'
activesupport (6.1.7.6) lib/active_support/callbacks.rb:512:in `each'
activesupport (6.1.7.6) lib/active_support/callbacks.rb:512:in `invoke_before'
activesupport (6.1.7.6) lib/active_support/callbacks.rb:105:in `run_callbacks'
activesupport (6.1.7.6) lib/active_support/execution_wrapper.rb:114:in `run!'
activesupport (6.1.7.6) lib/active_support/reloader.rb:114:in `run!'
activesupport (6.1.7.6) lib/active_support/execution_wrapper.rb:77:in `block in run!'
activesupport (6.1.7.6) lib/active_support/execution_wrapper.rb:74:in `tap'
activesupport (6.1.7.6) lib/active_support/execution_wrapper.rb:74:in `run!'
activesupport (6.1.7.6) lib/active_support/reloader.rb:63:in `run!'
actionpack (6.1.7.6) lib/action_dispatch/middleware/executor.rb:12:in `call'
actionpack (6.1.7.6) lib/action_dispatch/middleware/actionable_exceptions.rb:18:in `call'
actionpack (6.1.7.6) lib/action_dispatch/middleware/debug_exceptions.rb:29:in `call'
web-console (4.2.1) lib/web_console/middleware.rb:132:in `call_app'
web-console (4.2.1) lib/web_console/middleware.rb:28:in `block in call'
web-console (4.2.1) lib/web_console/middleware.rb:17:in `catch'
web-console (4.2.1) lib/web_console/middleware.rb:17:in `call'
actionpack (6.1.7.6) lib/action_dispatch/middleware/show_exceptions.rb:33:in `call'
railties (6.1.7.6) lib/rails/rack/logger.rb:37:in `call_app'
railties (6.1.7.6) lib/rails/rack/logger.rb:26:in `block in call'
activesupport (6.1.7.6) lib/active_support/tagged_logging.rb:99:in `block in tagged'
activesupport (6.1.7.6) lib/active_support/tagged_logging.rb:37:in `tagged'
activesupport (6.1.7.6) lib/active_support/tagged_logging.rb:99:in `tagged'
railties (6.1.7.6) lib/rails/rack/logger.rb:26:in `call'
sprockets-rails (3.4.2) lib/sprockets/rails/quiet_assets.rb:13:in `call'
actionpack (6.1.7.6) lib/action_dispatch/middleware/remote_ip.rb:81:in `call'
actionpack (6.1.7.6) lib/action_dispatch/middleware/request_id.rb:26:in `call'
rack (2.2.8) lib/rack/method_override.rb:24:in `call'
rack (2.2.8) lib/rack/runtime.rb:22:in `call'
activesupport (6.1.7.6) lib/active_support/cache/strategy/local_cache_middleware.rb:29:in `call'
actionpack (6.1.7.6) lib/action_dispatch/middleware/executor.rb:14:in `call'
actionpack (6.1.7.6) lib/action_dispatch/middleware/static.rb:24:in `call'
rack (2.2.8) lib/rack/sendfile.rb:110:in `call'
actionpack (6.1.7.6) lib/action_dispatch/middleware/host_authorization.rb:148:in `call'
rack-mini-profiler (2.3.4) lib/mini_profiler/profiler.rb:393:in `call'
shakapacker (7.0.3) lib/shakapacker/dev_server_proxy.rb:25:in `perform_request'
rack-proxy (0.7.7) lib/rack/proxy.rb:87:in `call'
railties (6.1.7.6) lib/rails/engine.rb:539:in `call'
puma (5.6.7) lib/puma/configuration.rb:252:in `call'
puma (5.6.7) lib/puma/request.rb:77:in `block in handle_request'
puma (5.6.7) lib/puma/thread_pool.rb:340:in `with_force_shutdown'
puma (5.6.7) lib/puma/request.rb:76:in `handle_request'
puma (5.6.7) lib/puma/server.rb:443:in `process_client'
puma (5.6.7) lib/puma/thread_pool.rb:147:in `block in spawn_thread'
MiniProfiler storage failure: No such file or directory @ rb_sysopen - /Users/ajdp/Documents/Ivy/MRC/tmp/miniprofiler/mp_timers_16v21vsg7oxl75znpbn0
